<?xml version="1.0" encoding="UTF-8"?>
<testng-results ignored="0" total="1" passed="1" failed="0" skipped="0">
  <reporter-output>
  </reporter-output>
  <suite started-at="2023-05-23T20:34:49 IST" name="Default suite" finished-at="2023-05-23T20:34:53 IST" duration-ms="4233">
    <groups>
    </groups>
    <test started-at="2023-05-23T20:34:49 IST" name="Default test" finished-at="2023-05-23T20:34:53 IST" duration-ms="4233">
      <class name="com.obsquara.AutomationCourse.AnnotationSample">
        <test-method is-config="true" signature="intilaizeBrowser()[pri:0, instance:com.obsquara.AutomationCourse.AnnotationSample@67c27493]" started-at="2023-05-23T20:34:49 IST" name="intilaizeBrowser" finished-at="2023-05-23T20:34:53 IST" duration-ms="4035" status="PASS">
          <reporter-output>
          </reporter-output>
        </test-method> <!-- intilaizeBrowser -->
        <test-method signature="testCase1()[pri:0, instance:com.obsquara.AutomationCourse.AnnotationSample@67c27493]" started-at="2023-05-23T20:34:53 IST" name="testCase1" finished-at="2023-05-23T20:34:53 IST" duration-ms="7" status="PASS">
          <reporter-output>
          </reporter-output>
        </test-method> <!-- testCase1 -->
        <test-method is-config="true" signature="driverQuit()[pri:0, instance:com.obsquara.AutomationCourse.AnnotationSample@67c27493]" started-at="2023-05-23T20:34:53 IST" name="driverQuit" finished-at="2023-05-23T20:34:53 IST" duration-ms="156" status="PASS">
          <reporter-output>
          </reporter-output>
        </test-method> <!-- driverQuit -->
      </class> <!-- com.obsquara.AutomationCourse.AnnotationSample -->
    </test> <!-- Default test -->
  </suite> <!-- Default suite -->
</testng-results>
