<?xml version="1.0" encoding="UTF-8"?>
<testng-results ignored="0" total="1" passed="1" failed="0" skipped="0">
  <reporter-output>
  </reporter-output>
  <suite started-at="2023-06-02T21:01:31 IST" name="Suite" finished-at="2023-06-02T21:01:39 IST" duration-ms="8604">
    <groups>
    </groups>
    <test started-at="2023-06-02T21:01:31 IST" name="Test" finished-at="2023-06-02T21:01:39 IST" duration-ms="8604">
      <class name="obsqura.SeleniumTestingFramework.ActionClassDemo">
        <test-method is-config="true" signature="intializeBrowser()[pri:0, instance:obsqura.SeleniumTestingFramework.ActionClassDemo@38c6f217]" started-at="2023-06-02T21:01:31 IST" name="intializeBrowser" finished-at="2023-06-02T21:01:35 IST" duration-ms="4462" status="PASS">
          <reporter-output>
          </reporter-output>
        </test-method> <!-- intializeBrowser -->
        <test-method signature="actionClassWorking()[pri:0, instance:obsqura.SeleniumTestingFramework.ActionClassDemo@38c6f217]" started-at="2023-06-02T21:01:35 IST" name="actionClassWorking" finished-at="2023-06-02T21:01:39 IST" duration-ms="3995" status="PASS">
          <reporter-output>
          </reporter-output>
        </test-method> <!-- actionClassWorking -->
        <test-method is-config="true" signature="driverQuit()[pri:0, instance:obsqura.SeleniumTestingFramework.ActionClassDemo@38c6f217]" started-at="2023-06-02T21:01:39 IST" name="driverQuit" finished-at="2023-06-02T21:01:39 IST" duration-ms="121" status="PASS">
          <reporter-output>
          </reporter-output>
        </test-method> <!-- driverQuit -->
      </class> <!-- obsqura.SeleniumTestingFramework.ActionClassDemo -->
    </test> <!-- Test -->
  </suite> <!-- Suite -->
</testng-results>
