<?xml version="1.0" encoding="UTF-8"?>
<!-- Generated by org.testng.reporters.JUnitXMLReporter -->
<testsuite ignored="0" hostname="LAPTOP-2S8BC3KU" failures="0" tests="4" name="Default test" time="11.626" errors="0" timestamp="2023-06-01T20:32:35 IST">
  <testcase classname="obsqura.SeleniumTestingFramework.TimeCalculation" name="loactionByXpath" time="0.016"/>
  <testcase classname="obsqura.SeleniumTestingFramework.TimeCalculation" name="locateByClass" time="0.015"/>
  <testcase classname="obsqura.SeleniumTestingFramework.TimeCalculation" name="locateByCssSelector" time="0.012"/>
  <testcase classname="obsqura.SeleniumTestingFramework.TimeCalculation" name="locateById" time="0.013"/>
</testsuite> <!-- Default test -->
